[1m[34m[ 1/20] index.qmd[39m[22m
[31m

processing file: index.qmd
[39m1/15                           
2/15 [set-options]             
3/15                           
4/15 [index-conditional]       
5/15                           
6/15 [set-options2]            
7/15                           
8/15 [images]                  
9/15                           
10/15 [unnamed-chunk-1]         
11/15                           
12/15 [unnamed-chunk-2]         
13/15                           
14/15 [index-create-dev_version]
15/15                           
[31moutput file: index.knit.md

[39m[1m[34m[ 2/20] 00-foreword.qmd[39m[22m
[31m

processing file: 00-foreword.qmd
[39m1/6 [foreword-setup]                
2/6                                 
3/6 [foreword-show-ModernDive-heart]
4/6                                 
5/6 [foreword-conditional-text]     
6/6                                 
[31moutput file: 00-foreword.knit.md

[39m[1m[34m[ 3/20] 00-preface.qmd[39m[22m
[31m

processing file: 00-preface.qmd
[39m1/13                           
[31m


Quitting from lines 2-1 (00-preface.qmd)
[39m[31mError in `include_image()`:
! could not find function "include_image"
[39m[31mExecution halted
[39m