[1m[34m[ 1/20] index.qmd[39m[22m
[1m[34m[ 2/20] 00-foreword.qmd[39m[22m
[31m

processing file: 00-foreword.qmd
[39m1/6 [foreword-setup]                
2/6                                 
3/6 [foreword-show-ModernDive-heart]
4/6                                 
5/6 [foreword-conditional-text]     
6/6                                 
[31moutput file: 00-foreword.knit.md

[39m[1m[34m[ 3/20] 00-preface.qmd[39m[22m
[WARNING] Citeproc: citation R-bookdown not found
[1m[34m[ 4/20] 01-getting-started.qmd[39m[22m
[31m

processing file: 01-getting-started.qmd
[39m1/65                                        
2/65 [setup_getting_started]                
3/65                                        
4/65 [getting-started-load-internal]        
5/65                                        
6/65 [R-vs-RStudio-1]                       
7/65                                        
8/65 [getting-started-conditional-text]     
9/65                                        
10/65 [R-vs-RStudio-2]                       
11/65                                        
12/65 [RStudio-interface]                    
13/65                                        
14/65 [R-vs-R-packages]                      
15/65                                        
16/65 [easy-way-install]                     
17/65                                        
18/65 [lc2-0]                                
19/65                                        
20/65 [unnamed-chunk-1]                      
21/65                                        
22/65 [getting-started-load-ggplot2]         
23/65                                        
24/65 [lc2-1]                                
25/65                                        
26/65 [unnamed-chunk-2]                      
27/65                                        
28/65 [getting-started-load-packages]        
29/65                                        
30/65 [getting-started-dynamic-text]         
31/65                                        
[31m


Quitting from lines 315-1 (01-getting-started.qmd)
[39m[31mError:
! object 'flights_rows' not found
Backtrace:
 1. scales::comma(nrow(flights_rows))
 3. base::nrow(flights_rows)
[39m[31mExecution halted
[39m